<?xml version="1.0" encoding="UTF-8"?>
<!-- Generated by org.testng.reporters.JUnitReportReporter -->
<testsuite hostname="6707eaa92109" failures="0" tests="2" name="appfeatures.MagnetoRunnerTest" time="130.347" errors="1" timestamp="2024-04-12T15:59:58 GMT" skipped="0">
  <testcase classname="appfeatures.MagnetoRunnerTest" name="runScenario" time="79.576"/>
  <system-out/>
  <testcase classname="appfeatures.MagnetoRunnerTest" name="runScenario" time="50.771">
    <error message="Unable to locate element: //*[@id=&#039;search123&#039;]
For documentation on this error, please visit: https://www.selenium.dev/documentation/webdriver/troubleshooting/errors#no-such-element-exception
Build info: version: &#039;4.14.0&#039;, revision: &#039;e5a96349ce&#039;
System info: os.name: &#039;Linux&#039;, os.arch: &#039;amd64&#039;, os.version: &#039;5.15.146.1-microsoft-standard-WSL2&#039;, java.version: &#039;11.0.22&#039;
Driver info: org.openqa.selenium.remote.RemoteWebDriver
Command: [5165367c-cfcf-4c26-8685-19f6316bbf98, findElement {using=xpath, value=//*[@id=&#039;search123&#039;]}]
Capabilities {acceptInsecureCerts: true, browserName: firefox, browserVersion: 124.0.2, moz:accessibilityChecks: false, moz:buildID: 20240401114208, moz:debuggerAddress: 127.0.0.1:22016, moz:firefoxOptions: {}, moz:geckodriverVersion: 0.34.0, moz:headless: false, moz:platformVersion: 5.15.146.1-microsoft-standa..., moz:processID: 534, moz:profile: /tmp/rust_mozprofileosU9FF, moz:shutdownTimeout: 60000, moz:webdriverClick: true, moz:windowless: false, pageLoadStrategy: normal, platformName: linux, proxy: Proxy(), se:bidiEnabled: false, se:cdp: ws://172.20.0.6:4444/sessio..., se:cdpVersion: 85.0, se:noVncPort: 7900, se:vnc: ws://172.20.0.6:4444/sessio..., se:vncEnabled: true, se:vncLocalAddress: ws://172.20.0.6:7900, setWindowRect: true, strictFileInteractability: false, timeouts: {implicit: 0, pageLoad: 300000, script: 30000}, unhandledPromptBehavior: dismiss and notify}
Session ID: 5165367c-cfcf-4c26-8685-19f6316bbf98" type="org.openqa.selenium.NoSuchElementException">
      <![CDATA[org.openqa.selenium.NoSuchElementException: Unable to locate element: //*[@id='search123']
For documentation on this error, please visit: https://www.selenium.dev/documentation/webdriver/troubleshooting/errors#no-such-element-exception
Build info: version: '4.14.0', revision: 'e5a96349ce'
System info: os.name: 'Linux', os.arch: 'amd64', os.version: '5.15.146.1-microsoft-standard-WSL2', java.version: '11.0.22'
Driver info: org.openqa.selenium.remote.RemoteWebDriver
Command: [5165367c-cfcf-4c26-8685-19f6316bbf98, findElement {using=xpath, value=//*[@id='search123']}]
Capabilities {acceptInsecureCerts: true, browserName: firefox, browserVersion: 124.0.2, moz:accessibilityChecks: false, moz:buildID: 20240401114208, moz:debuggerAddress: 127.0.0.1:22016, moz:firefoxOptions: {}, moz:geckodriverVersion: 0.34.0, moz:headless: false, moz:platformVersion: 5.15.146.1-microsoft-standa..., moz:processID: 534, moz:profile: /tmp/rust_mozprofileosU9FF, moz:shutdownTimeout: 60000, moz:webdriverClick: true, moz:windowless: false, pageLoadStrategy: normal, platformName: linux, proxy: Proxy(), se:bidiEnabled: false, se:cdp: ws://172.20.0.6:4444/sessio..., se:cdpVersion: 85.0, se:noVncPort: 7900, se:vnc: ws://172.20.0.6:4444/sessio..., se:vncEnabled: true, se:vncLocalAddress: ws://172.20.0.6:7900, setWindowRect: true, strictFileInteractability: false, timeouts: {implicit: 0, pageLoad: 300000, script: 30000}, unhandledPromptBehavior: dismiss and notify}
Session ID: 5165367c-cfcf-4c26-8685-19f6316bbf98
at java.base/jdk.internal.reflect.NativeConstructorAccessorImpl.newInstance0(Native Method)
at java.base/jdk.internal.reflect.NativeConstructorAccessorImpl.newInstance(NativeConstructorAccessorImpl.java:62)
at java.base/jdk.internal.reflect.DelegatingConstructorAccessorImpl.newInstance(DelegatingConstructorAccessorImpl.java:45)
at java.base/java.lang.reflect.Constructor.newInstance(Constructor.java:490)
at org.openqa.selenium.remote.codec.w3c.W3CHttpResponseCodec.createException(W3CHttpResponseCodec.java:200)
at org.openqa.selenium.remote.codec.w3c.W3CHttpResponseCodec.decode(W3CHttpResponseCodec.java:133)
at org.openqa.selenium.remote.codec.w3c.W3CHttpResponseCodec.decode(W3CHttpResponseCodec.java:52)
at org.openqa.selenium.remote.HttpCommandExecutor.execute(HttpCommandExecutor.java:191)
at org.openqa.selenium.remote.TracedCommandExecutor.execute(TracedCommandExecutor.java:51)
at org.openqa.selenium.remote.RemoteWebDriver.execute(RemoteWebDriver.java:602)
at org.openqa.selenium.remote.ElementLocation$ElementFinder$2.findElement(ElementLocation.java:165)
at org.openqa.selenium.remote.ElementLocation.findElement(ElementLocation.java:59)
at org.openqa.selenium.remote.RemoteWebDriver.findElement(RemoteWebDriver.java:359)
at org.openqa.selenium.remote.RemoteWebDriver.findElement(RemoteWebDriver.java:353)
at org.openqa.selenium.support.pagefactory.DefaultElementLocator.findElement(DefaultElementLocator.java:68)
at org.openqa.selenium.support.pagefactory.internal.LocatingElementHandler.invoke(LocatingElementHandler.java:38)
at com.sun.proxy.$Proxy21.sendKeys(Unknown Source)
at pages.HomePage.searchProduct(HomePage.java:48)
at appfeatures.HomePageSteps.i_search_for_text(HomePageSteps.java:39)
at ✽.I search for text "jacket"(classpath:appfeatures/Homepage.feature:15)
]]>
    </error>
  </testcase> <!-- runScenario -->
  <system-out/>
</testsuite> <!-- appfeatures.MagnetoRunnerTest -->
