<?xml version="1.0" encoding="UTF-8"?>
<testsuite xmlns:xsi="http://www.w3.org/2001/XMLSchema-instance" xsi:noNamespaceSchemaLocation="https://maven.apache.org/surefire/maven-surefire-plugin/xsd/surefire-test-report-3.0.xsd" version="3.0" name="TestSuite" time="156.689" tests="2" errors="0" skipped="0" failures="1">
  <properties>
[...]
</properties>
  <testcase name="runScenario[&quot;validation of signin link&quot;, &quot;Homepage functionality&quot;](1)" classname="appfeatures.MagnetoRunnerTest" time="79.651">
    <system-out><![CDATA[
@functional
Scenario: validation of signin link     &amp#27;[90m# appfeatures/Homepage.feature:8&amp#27;[0m
Chrome
null
  &amp#27;[32mGiven &amp#27;[0m&amp#27;[32mI am at home page&amp#27;[0m               &amp#27;[90m# appfeatures.HomePageSteps.i_am_at_home_page()&amp#27;[0m
  &amp#27;[32mThen &amp#27;[0m&amp#27;[32mI should see signin link on page&amp#27;[0m &amp#27;[90m# appfeatures.HomePageSteps.i_should_see_signin_link_on_page()&amp#27;[0m
]]></system-out>
    <system-err><![CDATA[SLF4J: Failed to load class "org.slf4j.impl.StaticLoggerBinder".
SLF4J: Defaulting to no-operation (NOP) logger implementation
SLF4J: See http://www.slf4j.org/codes.html#StaticLoggerBinder for further details.
Apr 12, 2024 3:57:46 PM org.openqa.selenium.remote.tracing.opentelemetry.OpenTelemetryTracer createTracer
INFO: Using OpenTelemetry for tracing
]]></system-err>
  </testcase>
  <testcase name="runScenario[&quot;search product&quot;, &quot;Homepage functionality&quot;](2)" classname="appfeatures.MagnetoRunnerTest" time="50.797">
    <failure message="Unable to locate element: //*[@id=&apos;search123&apos;]&#10;For documentation on this error, please visit: https://www.selenium.dev/documentation/webdriver/troubleshooting/errors#no-such-element-exception&#10;Build info: version: &apos;4.14.0&apos;, revision: &apos;e5a96349ce&apos;&#10;System info: os.name: &apos;Linux&apos;, os.arch: &apos;amd64&apos;, os.version: &apos;5.15.146.1-microsoft-standard-WSL2&apos;, java.version: &apos;11.0.22&apos;&#10;Driver info: org.openqa.selenium.remote.RemoteWebDriver&#10;Command: [5165367c-cfcf-4c26-8685-19f6316bbf98, findElement {using=xpath, value=//*[@id=&apos;search123&apos;]}]&#10;Capabilities {acceptInsecureCerts: true, browserName: firefox, browserVersion: 124.0.2, moz:accessibilityChecks: false, moz:buildID: 20240401114208, moz:debuggerAddress: 127.0.0.1:22016, moz:firefoxOptions: {}, moz:geckodriverVersion: 0.34.0, moz:headless: false, moz:platformVersion: 5.15.146.1-microsoft-standa..., moz:processID: 534, moz:profile: /tmp/rust_mozprofileosU9FF, moz:shutdownTimeout: 60000, moz:webdriverClick: true, moz:windowless: false, pageLoadStrategy: normal, platformName: linux, proxy: Proxy(), se:bidiEnabled: false, se:cdp: ws://172.20.0.6:4444/sessio..., se:cdpVersion: 85.0, se:noVncPort: 7900, se:vnc: ws://172.20.0.6:4444/sessio..., se:vncEnabled: true, se:vncLocalAddress: ws://172.20.0.6:7900, setWindowRect: true, strictFileInteractability: false, timeouts: {implicit: 0, pageLoad: 300000, script: 30000}, unhandledPromptBehavior: dismiss and notify}&#10;Session ID: 5165367c-cfcf-4c26-8685-19f6316bbf98" type="org.openqa.selenium.NoSuchElementException"><![CDATA[org.openqa.selenium.NoSuchElementException: 
Unable to locate element: //*[@id='search123']
For documentation on this error, please visit: https://www.selenium.dev/documentation/webdriver/troubleshooting/errors#no-such-element-exception
Build info: version: '4.14.0', revision: 'e5a96349ce'
System info: os.name: 'Linux', os.arch: 'amd64', os.version: '5.15.146.1-microsoft-standard-WSL2', java.version: '11.0.22'
Driver info: org.openqa.selenium.remote.RemoteWebDriver
Command: [5165367c-cfcf-4c26-8685-19f6316bbf98, findElement {using=xpath, value=//*[@id='search123']}]
Capabilities {acceptInsecureCerts: true, browserName: firefox, browserVersion: 124.0.2, moz:accessibilityChecks: false, moz:buildID: 20240401114208, moz:debuggerAddress: 127.0.0.1:22016, moz:firefoxOptions: {}, moz:geckodriverVersion: 0.34.0, moz:headless: false, moz:platformVersion: 5.15.146.1-microsoft-standa..., moz:processID: 534, moz:profile: /tmp/rust_mozprofileosU9FF, moz:shutdownTimeout: 60000, moz:webdriverClick: true, moz:windowless: false, pageLoadStrategy: normal, platformName: linux, proxy: Proxy(), se:bidiEnabled: false, se:cdp: ws://172.20.0.6:4444/sessio..., se:cdpVersion: 85.0, se:noVncPort: 7900, se:vnc: ws://172.20.0.6:4444/sessio..., se:vncEnabled: true, se:vncLocalAddress: ws://172.20.0.6:7900, setWindowRect: true, strictFileInteractability: false, timeouts: {implicit: 0, pageLoad: 300000, script: 30000}, unhandledPromptBehavior: dismiss and notify}
Session ID: 5165367c-cfcf-4c26-8685-19f6316bbf98
	at java.base/jdk.internal.reflect.NativeConstructorAccessorImpl.newInstance0(Native Method)
	at java.base/jdk.internal.reflect.NativeConstructorAccessorImpl.newInstance(NativeConstructorAccessorImpl.java:62)
	at java.base/jdk.internal.reflect.DelegatingConstructorAccessorImpl.newInstance(DelegatingConstructorAccessorImpl.java:45)
	at java.base/java.lang.reflect.Constructor.newInstance(Constructor.java:490)
	at org.openqa.selenium.remote.codec.w3c.W3CHttpResponseCodec.createException(W3CHttpResponseCodec.java:200)
	at org.openqa.selenium.remote.codec.w3c.W3CHttpResponseCodec.decode(W3CHttpResponseCodec.java:133)
	at org.openqa.selenium.remote.codec.w3c.W3CHttpResponseCodec.decode(W3CHttpResponseCodec.java:52)
	at org.openqa.selenium.remote.HttpCommandExecutor.execute(HttpCommandExecutor.java:191)
	at org.openqa.selenium.remote.TracedCommandExecutor.execute(TracedCommandExecutor.java:51)
	at org.openqa.selenium.remote.RemoteWebDriver.execute(RemoteWebDriver.java:602)
	at org.openqa.selenium.remote.ElementLocation$ElementFinder$2.findElement(ElementLocation.java:165)
	at org.openqa.selenium.remote.ElementLocation.findElement(ElementLocation.java:59)
	at org.openqa.selenium.remote.RemoteWebDriver.findElement(RemoteWebDriver.java:359)
	at org.openqa.selenium.remote.RemoteWebDriver.findElement(RemoteWebDriver.java:353)
	at org.openqa.selenium.support.pagefactory.DefaultElementLocator.findElement(DefaultElementLocator.java:68)
	at org.openqa.selenium.support.pagefactory.internal.LocatingElementHandler.invoke(LocatingElementHandler.java:38)
	at com.sun.proxy.$Proxy21.sendKeys(Unknown Source)
	at pages.HomePage.searchProduct(HomePage.java:48)
	at appfeatures.HomePageSteps.i_search_for_text(HomePageSteps.java:39)
	at ✽.I search for text "jacket"(classpath:appfeatures/Homepage.feature:15)
]]></failure>
    <system-out><![CDATA[
@functional
Scenario: search product                 &amp#27;[90m# appfeatures/Homepage.feature:13&amp#27;[0m
Chrome
null
  &amp#27;[32mGiven &amp#27;[0m&amp#27;[32mI am at home page&amp#27;[0m                &amp#27;[90m# appfeatures.HomePageSteps.i_am_at_home_page()&amp#27;[0m
  &amp#27;[31mWhen &amp#27;[0m&amp#27;[31mI search for text &amp#27;[0m&amp#27;[31m&amp#27;[1m"jacket"&amp#27;[0m        &amp#27;[90m# appfeatures.HomePageSteps.i_search_for_text(java.lang.String)&amp#27;[0m
      &amp#27;[31morg.openqa.selenium.NoSuchElementException: Unable to locate element: //*[@id='search123']
For documentation on this error, please visit: https://www.selenium.dev/documentation/webdriver/troubleshooting/errors#no-such-element-exception
Build info: version: '4.14.0', revision: 'e5a96349ce'
System info: os.name: 'Linux', os.arch: 'amd64', os.version: '5.15.146.1-microsoft-standard-WSL2', java.version: '11.0.22'
Driver info: org.openqa.selenium.remote.RemoteWebDriver
Command: [5165367c-cfcf-4c26-8685-19f6316bbf98, findElement {using=xpath, value=//*[@id='search123']}]
Capabilities {acceptInsecureCerts: true, browserName: firefox, browserVersion: 124.0.2, moz:accessibilityChecks: false, moz:buildID: 20240401114208, moz:debuggerAddress: 127.0.0.1:22016, moz:firefoxOptions: {}, moz:geckodriverVersion: 0.34.0, moz:headless: false, moz:platformVersion: 5.15.146.1-microsoft-standa..., moz:processID: 534, moz:profile: /tmp/rust_mozprofileosU9FF, moz:shutdownTimeout: 60000, moz:webdriverClick: true, moz:windowless: false, pageLoadStrategy: normal, platformName: linux, proxy: Proxy(), se:bidiEnabled: false, se:cdp: ws://172.20.0.6:4444/sessio..., se:cdpVersion: 85.0, se:noVncPort: 7900, se:vnc: ws://172.20.0.6:4444/sessio..., se:vncEnabled: true, se:vncLocalAddress: ws://172.20.0.6:7900, setWindowRect: true, strictFileInteractability: false, timeouts: {implicit: 0, pageLoad: 300000, script: 30000}, unhandledPromptBehavior: dismiss and notify}
Session ID: 5165367c-cfcf-4c26-8685-19f6316bbf98
	at java.base/jdk.internal.reflect.NativeConstructorAccessorImpl.newInstance0(Native Method)
	at java.base/jdk.internal.reflect.NativeConstructorAccessorImpl.newInstance(NativeConstructorAccessorImpl.java:62)
	at java.base/jdk.internal.reflect.DelegatingConstructorAccessorImpl.newInstance(DelegatingConstructorAccessorImpl.java:45)
	at java.base/java.lang.reflect.Constructor.newInstance(Constructor.java:490)
	at org.openqa.selenium.remote.codec.w3c.W3CHttpResponseCodec.createException(W3CHttpResponseCodec.java:200)
	at org.openqa.selenium.remote.codec.w3c.W3CHttpResponseCodec.decode(W3CHttpResponseCodec.java:133)
	at org.openqa.selenium.remote.codec.w3c.W3CHttpResponseCodec.decode(W3CHttpResponseCodec.java:52)
	at org.openqa.selenium.remote.HttpCommandExecutor.execute(HttpCommandExecutor.java:191)
	at org.openqa.selenium.remote.TracedCommandExecutor.execute(TracedCommandExecutor.java:51)
	at org.openqa.selenium.remote.RemoteWebDriver.execute(RemoteWebDriver.java:602)
	at org.openqa.selenium.remote.ElementLocation$ElementFinder$2.findElement(ElementLocation.java:165)
	at org.openqa.selenium.remote.ElementLocation.findElement(ElementLocation.java:59)
	at org.openqa.selenium.remote.RemoteWebDriver.findElement(RemoteWebDriver.java:359)
	at org.openqa.selenium.remote.RemoteWebDriver.findElement(RemoteWebDriver.java:353)
	at org.openqa.selenium.support.pagefactory.DefaultElementLocator.findElement(DefaultElementLocator.java:68)
	at org.openqa.selenium.support.pagefactory.internal.LocatingElementHandler.invoke(LocatingElementHandler.java:38)
	at com.sun.proxy.$Proxy21.sendKeys(Unknown Source)
	at pages.HomePage.searchProduct(HomePage.java:48)
	at appfeatures.HomePageSteps.i_search_for_text(HomePageSteps.java:39)
	at ✽.I search for text "jacket"(classpath:appfeatures/Homepage.feature:15)
&amp#27;[0m
  &amp#27;[36mThen &amp#27;[0m&amp#27;[36mI should navigate to results page&amp#27;[0m &amp#27;[90m# appfeatures.HomePageSteps.i_should_navigate_to_results_page()&amp#27;[0m

    Embedding search_product [image/png 815513 bytes]

]]></system-out>
  </testcase>
</testsuite>